Using pre-set license
Built from '2020.3/staging' branch; Version is '2020.3.4f1 (0abb6314276a) revision 703331'; Using compiler version '192528614'; Build Type 'Release'
OS: 'Windows 10 Home; OS build 19043.1526; Version 2009; 64bit' Language: 'en' Physical Memory: 16317 MB
BatchMode: 1, IsHumanControllingUs: 0, StartBugReporterOnCrash: 0, Is64bit: 1, IsPro: 0

 COMMAND LINE ARGUMENTS:
C:\Program Files\Unity\Hub\Editor\2020.3.4f1\Editor\Unity.exe
-adb2
-batchMode
-noUpm
-name
AssetImportWorker0
-projectPath
Z:/_GithubProjects/StateMachine_Application
-logFile
Logs/AssetImportWorker0.log
-srvPort
51421
Successfully changed project path to: Z:/_GithubProjects/StateMachine_Application
Z:/_GithubProjects/StateMachine_Application
Using Asset Import Pipeline V2.
Refreshing native plugins compatible for Editor in 19.40 ms, found 0 plugins.
Preloading 0 native plugins for Editor in 0.00 ms.
Initialize engine version: 2020.3.4f1 (0abb6314276a)
[Subsystems] Discovering subsystems at path C:/Program Files/Unity/Hub/Editor/2020.3.4f1/Editor/Data/Resources/UnitySubsystems
[Subsystems] Discovering subsystems at path Z:/_GithubProjects/StateMachine_Application/Assets
GfxDevice: creating device client; threaded=0
Direct3D:
    Version:  Direct3D 11.0 [level 11.1]
    Renderer: NVIDIA GeForce RTX 2070 (ID=0x1f02)
    Vendor:   
    VRAM:     8031 MB
    Driver:   30.0.15.1165
Initialize mono
Mono path[0] = 'C:/Program Files/Unity/Hub/Editor/2020.3.4f1/Editor/Data/Managed'
Mono path[1] = 'C:/Program Files/Unity/Hub/Editor/2020.3.4f1/Editor/Data/MonoBleedingEdge/lib/mono/unityjit'
Mono config path = 'C:/Program Files/Unity/Hub/Editor/2020.3.4f1/Editor/Data/MonoBleedingEdge/etc'
Using monoOptions --debugger-agent=transport=dt_socket,embedding=1,server=y,suspend=n,address=127.0.0.1:56940
Begin MonoManager ReloadAssembly
Registering precompiled unity dll's ...
Register platform support module: C:/Program Files/Unity/Hub/Editor/2020.3.4f1/Editor/Data/PlaybackEngines/WindowsStandaloneSupport/UnityEditor.WindowsStandalone.Extensions.dll
Registered in 0.001863 seconds.
Native extension for WindowsStandalone target not found
Refreshing native plugins compatible for Editor in 19.89 ms, found 0 plugins.
Preloading 0 native plugins for Editor in 0.00 ms.
Mono: successfully reloaded assembly
- Completed reload, in  0.936 seconds
Platform modules already initialized, skipping
Registering precompiled user dll's ...
Registered in 0.000485 seconds.
Begin MonoManager ReloadAssembly
Native extension for WindowsStandalone target not found
Refreshing native plugins compatible for Editor in 0.19 ms, found 0 plugins.
Preloading 0 native plugins for Editor in 0.00 ms.
Mono: successfully reloaded assembly
- Completed reload, in  0.738 seconds
Platform modules already initialized, skipping
========================================================================
Worker process is ready to serve import requests
Launched and connected shader compiler UnityShaderCompiler.exe after 0.03 seconds
Refreshing native plugins compatible for Editor in 0.19 ms, found 0 plugins.
Preloading 0 native plugins for Editor in 0.00 ms.
Unloading 1123 Unused Serialized files (Serialized files now loaded: 0)
System memory in use before: 57.3 MB.
System memory in use after: 57.4 MB.

Unloading 10 unused Assets to reduce memory usage. Loaded Objects now: 1566.
Total: 2.249200 ms (FindLiveObjects: 0.202500 ms CreateObjectMapping: 0.060700 ms MarkObjects: 1.892300 ms  DeleteObjects: 0.092500 ms)

========================================================================
Received Import Request.
  path: Assets/LineMaterial.mat
  artifactKey: Guid(07c79422214d8c444ba541ec85aba28e) Importer(815301076,1909f56bfc062723c751e8b465ee728b)
Start importing Assets/LineMaterial.mat using Guid(07c79422214d8c444ba541ec85aba28e) Importer(815301076,1909f56bfc062723c751e8b465ee728b)  -> (artifact id: 'e2801b0eeb5659c72296394a9e87a879') in 0.125272 seconds
  Import took 0.127660 seconds .

========================================================================
Received Import Request.
  Time since last request: 35.491699 seconds.
  path: Assets/Arrow.JPG
  artifactKey: Guid(9215a336d52c7cb458f74cbddd7f22d0) Importer(815301076,1909f56bfc062723c751e8b465ee728b)
Start importing Assets/Arrow.JPG using Guid(9215a336d52c7cb458f74cbddd7f22d0) Importer(815301076,1909f56bfc062723c751e8b465ee728b)  -> (artifact id: '4b71e4382019ae90aa6d8b5378c9dfc1') in 0.045405 seconds
  Import took 0.047723 seconds .

========================================================================
Received Prepare
Registering precompiled user dll's ...
Registered in 0.000458 seconds.
Begin MonoManager ReloadAssembly
Native extension for WindowsStandalone target not found
Refreshing native plugins compatible for Editor in 0.22 ms, found 0 plugins.
Preloading 0 native plugins for Editor in 0.00 ms.
Mono: successfully reloaded assembly
- Completed reload, in  0.698 seconds
Platform modules already initialized, skipping
Refreshing native plugins compatible for Editor in 0.23 ms, found 0 plugins.
Preloading 0 native plugins for Editor in 0.00 ms.
Unloading 1118 Unused Serialized files (Serialized files now loaded: 0)
System memory in use before: 60.6 MB.
System memory in use after: 60.7 MB.

Unloading 5 unused Assets to reduce memory usage. Loaded Objects now: 1610.
Total: 1.476400 ms (FindLiveObjects: 0.117000 ms CreateObjectMapping: 0.029100 ms MarkObjects: 1.289600 ms  DeleteObjects: 0.039800 ms)

========================================================================
Received Import Request.
  Time since last request: 48.071015 seconds.
  path: Assets/Node.prefab
  artifactKey: Guid(8036413e9bfe3e24da07dadfae3954ad) Importer(815301076,1909f56bfc062723c751e8b465ee728b)
Start importing Assets/Node.prefab using Guid(8036413e9bfe3e24da07dadfae3954ad) Importer(815301076,1909f56bfc062723c751e8b465ee728b)  -> (artifact id: '8f49fe47c45280c5e11fd46e4f8b299c') in 0.027943 seconds
  Import took 0.029703 seconds .

========================================================================
Received Prepare
Registering precompiled user dll's ...
Registered in 0.000528 seconds.
Begin MonoManager ReloadAssembly
Native extension for WindowsStandalone target not found
Refreshing native plugins compatible for Editor in 0.19 ms, found 0 plugins.
Preloading 0 native plugins for Editor in 0.00 ms.
Mono: successfully reloaded assembly
- Completed reload, in  0.692 seconds
Platform modules already initialized, skipping
Refreshing native plugins compatible for Editor in 0.22 ms, found 0 plugins.
Preloading 0 native plugins for Editor in 0.00 ms.
Unloading 1118 Unused Serialized files (Serialized files now loaded: 0)
System memory in use before: 60.6 MB.
System memory in use after: 60.7 MB.

Unloading 5 unused Assets to reduce memory usage. Loaded Objects now: 1613.
Total: 1.457500 ms (FindLiveObjects: 0.122900 ms CreateObjectMapping: 0.032900 ms MarkObjects: 1.260900 ms  DeleteObjects: 0.040100 ms)

========================================================================
Received Import Request.
  Time since last request: 12.104017 seconds.
  path: Assets/Node.prefab
  artifactKey: Guid(8036413e9bfe3e24da07dadfae3954ad) Importer(815301076,1909f56bfc062723c751e8b465ee728b)
Start importing Assets/Node.prefab using Guid(8036413e9bfe3e24da07dadfae3954ad) Importer(815301076,1909f56bfc062723c751e8b465ee728b)  -> (artifact id: '11d49595122229a9bd4f15090e65c7ab') in 0.020273 seconds
  Import took 0.022160 seconds .

========================================================================
Received Prepare
Registering precompiled user dll's ...
Registered in 0.000456 seconds.
Begin MonoManager ReloadAssembly
Native extension for WindowsStandalone target not found
Refreshing native plugins compatible for Editor in 0.21 ms, found 0 plugins.
Preloading 0 native plugins for Editor in 0.00 ms.
Mono: successfully reloaded assembly
- Completed reload, in  0.689 seconds
Platform modules already initialized, skipping
Refreshing native plugins compatible for Editor in 0.22 ms, found 0 plugins.
Preloading 0 native plugins for Editor in 0.00 ms.
Unloading 1118 Unused Serialized files (Serialized files now loaded: 0)
System memory in use before: 60.6 MB.
System memory in use after: 60.7 MB.

Unloading 5 unused Assets to reduce memory usage. Loaded Objects now: 1616.
Total: 1.341300 ms (FindLiveObjects: 0.127100 ms CreateObjectMapping: 0.032400 ms MarkObjects: 1.140400 ms  DeleteObjects: 0.040400 ms)

========================================================================
Received Import Request.
  Time since last request: 33.777766 seconds.
  path: Assets/Node.prefab
  artifactKey: Guid(8036413e9bfe3e24da07dadfae3954ad) Importer(815301076,1909f56bfc062723c751e8b465ee728b)
Start importing Assets/Node.prefab using Guid(8036413e9bfe3e24da07dadfae3954ad) Importer(815301076,1909f56bfc062723c751e8b465ee728b)  -> (artifact id: 'a81c60ea0b13f64a87190149ed54559d') in 0.019619 seconds
  Import took 0.022008 seconds .

========================================================================
Received Prepare
Registering precompiled user dll's ...
Registered in 0.000555 seconds.
Begin MonoManager ReloadAssembly
Native extension for WindowsStandalone target not found
Refreshing native plugins compatible for Editor in 0.20 ms, found 0 plugins.
Preloading 0 native plugins for Editor in 0.00 ms.
Mono: successfully reloaded assembly
- Completed reload, in  0.671 seconds
Platform modules already initialized, skipping
Refreshing native plugins compatible for Editor in 0.19 ms, found 0 plugins.
Preloading 0 native plugins for Editor in 0.00 ms.
Unloading 1118 Unused Serialized files (Serialized files now loaded: 0)
System memory in use before: 60.7 MB.
System memory in use after: 60.7 MB.

Unloading 5 unused Assets to reduce memory usage. Loaded Objects now: 1619.
Total: 1.573100 ms (FindLiveObjects: 0.113300 ms CreateObjectMapping: 0.026700 ms MarkObjects: 1.388300 ms  DeleteObjects: 0.044000 ms)

========================================================================
Received Import Request.
  Time since last request: 108.913868 seconds.
  path: Assets/Arrow.png
  artifactKey: Guid(d6840d712419bc844ae58f64bb0ee5f7) Importer(815301076,1909f56bfc062723c751e8b465ee728b)
Start importing Assets/Arrow.png using Guid(d6840d712419bc844ae58f64bb0ee5f7) Importer(815301076,1909f56bfc062723c751e8b465ee728b)  -> (artifact id: 'a76ed62cbdda9dc6f2a3b24558365dd8') in 0.034802 seconds
  Import took 0.036954 seconds .

========================================================================
Received Import Request.
  Time since last request: 5.774082 seconds.
  path: Assets/Node.cs
  artifactKey: Guid(a5e12f5dcafb0d0459fa3aa4eabe5ecc) Importer(815301076,1909f56bfc062723c751e8b465ee728b)
Start importing Assets/Node.cs using Guid(a5e12f5dcafb0d0459fa3aa4eabe5ecc) Importer(815301076,1909f56bfc062723c751e8b465ee728b)  -> (artifact id: '403b30e274e40708797e6709cfb0f4c3') in 0.011210 seconds
  Import took 0.013182 seconds .

========================================================================
Received Import Request.
  Time since last request: 0.002243 seconds.
  path: Assets/Node.cs
  artifactKey: Guid(a5e12f5dcafb0d0459fa3aa4eabe5ecc) Importer(815301076,1909f56bfc062723c751e8b465ee728b)
Start importing Assets/Node.cs using Guid(a5e12f5dcafb0d0459fa3aa4eabe5ecc) Importer(815301076,1909f56bfc062723c751e8b465ee728b)  -> (artifact id: '403b30e274e40708797e6709cfb0f4c3') in 0.002837 seconds
  Import took 0.005172 seconds .

========================================================================
Received Prepare
Registering precompiled user dll's ...
Registered in 0.000514 seconds.
Begin MonoManager ReloadAssembly
Native extension for WindowsStandalone target not found
Refreshing native plugins compatible for Editor in 0.21 ms, found 0 plugins.
Preloading 0 native plugins for Editor in 0.00 ms.
Mono: successfully reloaded assembly
- Completed reload, in  0.687 seconds
Platform modules already initialized, skipping
Refreshing native plugins compatible for Editor in 0.25 ms, found 0 plugins.
Preloading 0 native plugins for Editor in 0.00 ms.
Unloading 1118 Unused Serialized files (Serialized files now loaded: 0)
System memory in use before: 60.7 MB.
System memory in use after: 60.7 MB.

Unloading 5 unused Assets to reduce memory usage. Loaded Objects now: 1623.
Total: 1.489400 ms (FindLiveObjects: 0.130100 ms CreateObjectMapping: 0.030800 ms MarkObjects: 1.287500 ms  DeleteObjects: 0.040000 ms)

========================================================================
Received Import Request.
  Time since last request: 147.196542 seconds.
  path: Assets/Arrow.png
  artifactKey: Guid(d6840d712419bc844ae58f64bb0ee5f7) Importer(815301076,1909f56bfc062723c751e8b465ee728b)
Start importing Assets/Arrow.png using Guid(d6840d712419bc844ae58f64bb0ee5f7) Importer(815301076,1909f56bfc062723c751e8b465ee728b)  -> (artifact id: 'f5ea963fce5abf280a77f2c35e36aead') in 0.034144 seconds
  Import took 0.036639 seconds .

========================================================================
Received Prepare
Registering precompiled user dll's ...
Registered in 0.000594 seconds.
Begin MonoManager ReloadAssembly
Native extension for WindowsStandalone target not found
Refreshing native plugins compatible for Editor in 0.19 ms, found 0 plugins.
Preloading 0 native plugins for Editor in 0.00 ms.
Mono: successfully reloaded assembly
- Completed reload, in  0.683 seconds
Platform modules already initialized, skipping
Refreshing native plugins compatible for Editor in 0.22 ms, found 0 plugins.
Preloading 0 native plugins for Editor in 0.00 ms.
Unloading 1118 Unused Serialized files (Serialized files now loaded: 0)
System memory in use before: 60.7 MB.
System memory in use after: 60.8 MB.

Unloading 5 unused Assets to reduce memory usage. Loaded Objects now: 1626.
Total: 1.447900 ms (FindLiveObjects: 0.132300 ms CreateObjectMapping: 0.033000 ms MarkObjects: 1.231700 ms  DeleteObjects: 0.048800 ms)

========================================================================
Received Prepare
Registering precompiled user dll's ...
Registered in 0.000465 seconds.
Begin MonoManager ReloadAssembly
Native extension for WindowsStandalone target not found
Refreshing native plugins compatible for Editor in 0.19 ms, found 0 plugins.
Preloading 0 native plugins for Editor in 0.00 ms.
Mono: successfully reloaded assembly
- Completed reload, in  0.666 seconds
Platform modules already initialized, skipping
Refreshing native plugins compatible for Editor in 0.19 ms, found 0 plugins.
Preloading 0 native plugins for Editor in 0.00 ms.
Unloading 1118 Unused Serialized files (Serialized files now loaded: 0)
System memory in use before: 60.7 MB.
System memory in use after: 60.8 MB.

Unloading 5 unused Assets to reduce memory usage. Loaded Objects now: 1629.
Total: 1.699600 ms (FindLiveObjects: 0.138300 ms CreateObjectMapping: 0.028500 ms MarkObjects: 1.490000 ms  DeleteObjects: 0.041700 ms)

========================================================================
Received Import Request.
  Time since last request: 33.369050 seconds.
  path: Assets/LineMaterial.mat
  artifactKey: Guid(07c79422214d8c444ba541ec85aba28e) Importer(815301076,1909f56bfc062723c751e8b465ee728b)
Start importing Assets/LineMaterial.mat using Guid(07c79422214d8c444ba541ec85aba28e) Importer(815301076,1909f56bfc062723c751e8b465ee728b)  -> (artifact id: '2207c5ff5b4806d24a761be0d8eb2433') in 0.069303 seconds
  Import took 0.071464 seconds .

========================================================================
Received Import Request.
  Time since last request: 0.000311 seconds.
  path: Assets/Node.prefab
  artifactKey: Guid(8036413e9bfe3e24da07dadfae3954ad) Importer(815301076,1909f56bfc062723c751e8b465ee728b)
Start importing Assets/Node.prefab using Guid(8036413e9bfe3e24da07dadfae3954ad) Importer(815301076,1909f56bfc062723c751e8b465ee728b)  -> (artifact id: '6176837694ca0edd1bf695d67400d386') in 0.008016 seconds
  Import took 0.009852 seconds .

========================================================================
Received Import Request.
  Time since last request: 1.540039 seconds.
  path: Assets/LineMaterial.mat
  artifactKey: Guid(07c79422214d8c444ba541ec85aba28e) Importer(815301076,1909f56bfc062723c751e8b465ee728b)
Start importing Assets/LineMaterial.mat using Guid(07c79422214d8c444ba541ec85aba28e) Importer(815301076,1909f56bfc062723c751e8b465ee728b)  -> (artifact id: '2207c5ff5b4806d24a761be0d8eb2433') in 0.009766 seconds
  Import took 0.011728 seconds .

========================================================================
Received Prepare
Registering precompiled user dll's ...
Registered in 0.000503 seconds.
Begin MonoManager ReloadAssembly
Native extension for WindowsStandalone target not found
Refreshing native plugins compatible for Editor in 0.19 ms, found 0 plugins.
Preloading 0 native plugins for Editor in 0.00 ms.
Mono: successfully reloaded assembly
- Completed reload, in  0.680 seconds
Platform modules already initialized, skipping
Refreshing native plugins compatible for Editor in 0.18 ms, found 0 plugins.
Preloading 0 native plugins for Editor in 0.00 ms.
Unloading 1118 Unused Serialized files (Serialized files now loaded: 0)
System memory in use before: 60.7 MB.
System memory in use after: 60.8 MB.

Unloading 5 unused Assets to reduce memory usage. Loaded Objects now: 1633.
Total: 1.587400 ms (FindLiveObjects: 0.122500 ms CreateObjectMapping: 0.030900 ms MarkObjects: 1.391300 ms  DeleteObjects: 0.041700 ms)

========================================================================
Received Import Request.
  Time since last request: 14.487760 seconds.
  path: Assets/ApplicationControl.cs
  artifactKey: Guid(d9742f7ec33251b4b8e3ea8d352462ab) Importer(815301076,1909f56bfc062723c751e8b465ee728b)
Start importing Assets/ApplicationControl.cs using Guid(d9742f7ec33251b4b8e3ea8d352462ab) Importer(815301076,1909f56bfc062723c751e8b465ee728b)  -> (artifact id: '57f5c83cc3694fdcf0eb44451b865bf7') in 0.006647 seconds
  Import took 0.008624 seconds .

========================================================================
Received Import Request.
  Time since last request: 0.024763 seconds.
  path: Assets/ApplicationControl.cs
  artifactKey: Guid(d9742f7ec33251b4b8e3ea8d352462ab) Importer(815301076,1909f56bfc062723c751e8b465ee728b)
Start importing Assets/ApplicationControl.cs using Guid(d9742f7ec33251b4b8e3ea8d352462ab) Importer(815301076,1909f56bfc062723c751e8b465ee728b)  -> (artifact id: '57f5c83cc3694fdcf0eb44451b865bf7') in 0.001389 seconds
  Import took 0.003528 seconds .

========================================================================
Received Prepare
Registering precompiled user dll's ...
Registered in 0.040113 seconds.
Begin MonoManager ReloadAssembly
Native extension for WindowsStandalone target not found
Refreshing native plugins compatible for Editor in 0.19 ms, found 0 plugins.
Preloading 0 native plugins for Editor in 0.00 ms.
Mono: successfully reloaded assembly
- Completed reload, in  2.189 seconds
Platform modules already initialized, skipping
Refreshing native plugins compatible for Editor in 0.23 ms, found 0 plugins.
Preloading 0 native plugins for Editor in 0.00 ms.
Unloading 1118 Unused Serialized files (Serialized files now loaded: 0)
System memory in use before: 60.7 MB.
System memory in use after: 60.8 MB.

Unloading 5 unused Assets to reduce memory usage. Loaded Objects now: 1636.
Total: 1.804300 ms (FindLiveObjects: 0.201700 ms CreateObjectMapping: 0.049000 ms MarkObjects: 1.508900 ms  DeleteObjects: 0.043500 ms)

========================================================================
Received Prepare
Registering precompiled user dll's ...
Registered in 0.000446 seconds.
Begin MonoManager ReloadAssembly
Native extension for WindowsStandalone target not found
Refreshing native plugins compatible for Editor in 0.20 ms, found 0 plugins.
Preloading 0 native plugins for Editor in 0.00 ms.
Mono: successfully reloaded assembly
- Completed reload, in  0.656 seconds
Platform modules already initialized, skipping
Refreshing native plugins compatible for Editor in 0.19 ms, found 0 plugins.
Preloading 0 native plugins for Editor in 0.00 ms.
Unloading 1118 Unused Serialized files (Serialized files now loaded: 0)
System memory in use before: 60.7 MB.
System memory in use after: 60.8 MB.

Unloading 5 unused Assets to reduce memory usage. Loaded Objects now: 1639.
Total: 1.737800 ms (FindLiveObjects: 0.122600 ms CreateObjectMapping: 0.031500 ms MarkObjects: 1.542000 ms  DeleteObjects: 0.041100 ms)

========================================================================
Received Import Request.
  Time since last request: 34.421201 seconds.
  path: Assets/Node.cs
  artifactKey: Guid(a5e12f5dcafb0d0459fa3aa4eabe5ecc) Importer(815301076,1909f56bfc062723c751e8b465ee728b)
Start importing Assets/Node.cs using Guid(a5e12f5dcafb0d0459fa3aa4eabe5ecc) Importer(815301076,1909f56bfc062723c751e8b465ee728b)  -> (artifact id: '7600a323d7e0ea80e8f07f2dc1796acd') in 0.006616 seconds
  Import took 0.008399 seconds .

========================================================================
Received Import Request.
  Time since last request: 0.295788 seconds.
  path: Assets/Node.cs
  artifactKey: Guid(a5e12f5dcafb0d0459fa3aa4eabe5ecc) Importer(815301076,1909f56bfc062723c751e8b465ee728b)
Start importing Assets/Node.cs using Guid(a5e12f5dcafb0d0459fa3aa4eabe5ecc) Importer(815301076,1909f56bfc062723c751e8b465ee728b)  -> (artifact id: '7600a323d7e0ea80e8f07f2dc1796acd') in 0.001759 seconds
  Import took 0.003912 seconds .

========================================================================
Received Prepare
Registering precompiled user dll's ...
Registered in 0.000457 seconds.
Begin MonoManager ReloadAssembly
Native extension for WindowsStandalone target not found
Refreshing native plugins compatible for Editor in 0.20 ms, found 0 plugins.
Preloading 0 native plugins for Editor in 0.00 ms.
Mono: successfully reloaded assembly
- Completed reload, in  0.693 seconds
Platform modules already initialized, skipping
Refreshing native plugins compatible for Editor in 0.28 ms, found 0 plugins.
Preloading 0 native plugins for Editor in 0.00 ms.
Unloading 1118 Unused Serialized files (Serialized files now loaded: 0)
System memory in use before: 60.7 MB.
System memory in use after: 60.8 MB.

Unloading 5 unused Assets to reduce memory usage. Loaded Objects now: 1642.
Total: 1.740400 ms (FindLiveObjects: 0.166700 ms CreateObjectMapping: 0.041200 ms MarkObjects: 1.484800 ms  DeleteObjects: 0.046600 ms)

========================================================================
Received Prepare
Registering precompiled user dll's ...
Registered in 0.000524 seconds.
Begin MonoManager ReloadAssembly
Native extension for WindowsStandalone target not found
Refreshing native plugins compatible for Editor in 0.20 ms, found 0 plugins.
Preloading 0 native plugins for Editor in 0.00 ms.
Mono: successfully reloaded assembly
- Completed reload, in  0.717 seconds
Platform modules already initialized, skipping
Refreshing native plugins compatible for Editor in 0.19 ms, found 0 plugins.
Preloading 0 native plugins for Editor in 0.00 ms.
Unloading 1118 Unused Serialized files (Serialized files now loaded: 0)
System memory in use before: 60.7 MB.
System memory in use after: 60.8 MB.

Unloading 5 unused Assets to reduce memory usage. Loaded Objects now: 1645.
Total: 1.601600 ms (FindLiveObjects: 0.156200 ms CreateObjectMapping: 0.039700 ms MarkObjects: 1.359100 ms  DeleteObjects: 0.045500 ms)

========================================================================
Received Import Request.
  Time since last request: 20.952579 seconds.
  path: Assets/Node.cs
  artifactKey: Guid(a5e12f5dcafb0d0459fa3aa4eabe5ecc) Importer(815301076,1909f56bfc062723c751e8b465ee728b)
Start importing Assets/Node.cs using Guid(a5e12f5dcafb0d0459fa3aa4eabe5ecc) Importer(815301076,1909f56bfc062723c751e8b465ee728b)  -> (artifact id: '6a6e2041411b98aa8ca5dbb9ce139d80') in 0.003042 seconds
  Import took 0.004794 seconds .

========================================================================
Received Import Request.
  Time since last request: 1.557512 seconds.
  path: Assets/Node.cs
  artifactKey: Guid(a5e12f5dcafb0d0459fa3aa4eabe5ecc) Importer(815301076,1909f56bfc062723c751e8b465ee728b)
Start importing Assets/Node.cs using Guid(a5e12f5dcafb0d0459fa3aa4eabe5ecc) Importer(815301076,1909f56bfc062723c751e8b465ee728b)  -> (artifact id: '6a6e2041411b98aa8ca5dbb9ce139d80') in 0.001423 seconds
  Import took 0.003132 seconds .

========================================================================
Received Prepare
Registering precompiled user dll's ...
Registered in 0.000467 seconds.
Begin MonoManager ReloadAssembly
Native extension for WindowsStandalone target not found
Refreshing native plugins compatible for Editor in 0.20 ms, found 0 plugins.
Preloading 0 native plugins for Editor in 0.00 ms.
Mono: successfully reloaded assembly
- Completed reload, in  0.642 seconds
Platform modules already initialized, skipping
Refreshing native plugins compatible for Editor in 0.19 ms, found 0 plugins.
Preloading 0 native plugins for Editor in 0.00 ms.
Unloading 1118 Unused Serialized files (Serialized files now loaded: 0)
System memory in use before: 60.7 MB.
System memory in use after: 60.8 MB.

Unloading 5 unused Assets to reduce memory usage. Loaded Objects now: 1648.
Total: 1.629600 ms (FindLiveObjects: 0.148000 ms CreateObjectMapping: 0.035800 ms MarkObjects: 1.401600 ms  DeleteObjects: 0.043200 ms)

========================================================================
Received Prepare
Registering precompiled user dll's ...
Registered in 0.000466 seconds.
Begin MonoManager ReloadAssembly
Native extension for WindowsStandalone target not found
Refreshing native plugins compatible for Editor in 0.21 ms, found 0 plugins.
Preloading 0 native plugins for Editor in 0.00 ms.
Mono: successfully reloaded assembly
- Completed reload, in  0.700 seconds
Platform modules already initialized, skipping
Refreshing native plugins compatible for Editor in 0.31 ms, found 0 plugins.
Preloading 0 native plugins for Editor in 0.00 ms.
Unloading 1118 Unused Serialized files (Serialized files now loaded: 0)
System memory in use before: 60.7 MB.
System memory in use after: 60.8 MB.

Unloading 5 unused Assets to reduce memory usage. Loaded Objects now: 1651.
Total: 1.756800 ms (FindLiveObjects: 0.117600 ms CreateObjectMapping: 0.031100 ms MarkObjects: 1.561300 ms  DeleteObjects: 0.045900 ms)

========================================================================
Received Prepare
Registering precompiled user dll's ...
Registered in 0.000457 seconds.
Begin MonoManager ReloadAssembly
Native extension for WindowsStandalone target not found
Refreshing native plugins compatible for Editor in 0.19 ms, found 0 plugins.
Preloading 0 native plugins for Editor in 0.00 ms.
Mono: successfully reloaded assembly
- Completed reload, in  0.680 seconds
Platform modules already initialized, skipping
Refreshing native plugins compatible for Editor in 0.21 ms, found 0 plugins.
Preloading 0 native plugins for Editor in 0.00 ms.
Unloading 1118 Unused Serialized files (Serialized files now loaded: 0)
System memory in use before: 60.8 MB.
System memory in use after: 60.8 MB.

Unloading 5 unused Assets to reduce memory usage. Loaded Objects now: 1654.
Total: 1.786400 ms (FindLiveObjects: 0.147500 ms CreateObjectMapping: 0.040300 ms MarkObjects: 1.552900 ms  DeleteObjects: 0.044900 ms)

========================================================================
Received Prepare
Registering precompiled user dll's ...
Registered in 0.000437 seconds.
Begin MonoManager ReloadAssembly
Native extension for WindowsStandalone target not found
Refreshing native plugins compatible for Editor in 0.19 ms, found 0 plugins.
Preloading 0 native plugins for Editor in 0.00 ms.
Mono: successfully reloaded assembly
- Completed reload, in  0.710 seconds
Platform modules already initialized, skipping
Refreshing native plugins compatible for Editor in 0.19 ms, found 0 plugins.
Preloading 0 native plugins for Editor in 0.00 ms.
Unloading 1118 Unused Serialized files (Serialized files now loaded: 0)
System memory in use before: 60.8 MB.
System memory in use after: 60.8 MB.

Unloading 5 unused Assets to reduce memory usage. Loaded Objects now: 1657.
Total: 1.560800 ms (FindLiveObjects: 0.124100 ms CreateObjectMapping: 0.029800 ms MarkObjects: 1.362000 ms  DeleteObjects: 0.044000 ms)

========================================================================
Received Prepare
Registering precompiled user dll's ...
Registered in 0.000430 seconds.
Begin MonoManager ReloadAssembly
Native extension for WindowsStandalone target not found
Refreshing native plugins compatible for Editor in 0.19 ms, found 0 plugins.
Preloading 0 native plugins for Editor in 0.00 ms.
Mono: successfully reloaded assembly
- Completed reload, in  0.697 seconds
Platform modules already initialized, skipping
Refreshing native plugins compatible for Editor in 0.20 ms, found 0 plugins.
Preloading 0 native plugins for Editor in 0.00 ms.
Unloading 1118 Unused Serialized files (Serialized files now loaded: 0)
System memory in use before: 60.8 MB.
System memory in use after: 60.8 MB.

Unloading 5 unused Assets to reduce memory usage. Loaded Objects now: 1660.
Total: 1.720200 ms (FindLiveObjects: 0.157600 ms CreateObjectMapping: 0.050100 ms MarkObjects: 1.461300 ms  DeleteObjects: 0.049800 ms)

========================================================================
Received Prepare
Registering precompiled user dll's ...
Registered in 0.000519 seconds.
Begin MonoManager ReloadAssembly
Native extension for WindowsStandalone target not found
Refreshing native plugins compatible for Editor in 0.19 ms, found 0 plugins.
Preloading 0 native plugins for Editor in 0.00 ms.
Mono: successfully reloaded assembly
- Completed reload, in  0.679 seconds
Platform modules already initialized, skipping
Refreshing native plugins compatible for Editor in 0.21 ms, found 0 plugins.
Preloading 0 native plugins for Editor in 0.00 ms.
Unloading 1118 Unused Serialized files (Serialized files now loaded: 0)
System memory in use before: 60.8 MB.
System memory in use after: 60.8 MB.

Unloading 5 unused Assets to reduce memory usage. Loaded Objects now: 1663.
Total: 1.449500 ms (FindLiveObjects: 0.118400 ms CreateObjectMapping: 0.028700 ms MarkObjects: 1.261000 ms  DeleteObjects: 0.040600 ms)

========================================================================
Received Prepare
Registering precompiled user dll's ...
Registered in 0.000487 seconds.
Begin MonoManager ReloadAssembly
Native extension for WindowsStandalone target not found
Refreshing native plugins compatible for Editor in 0.28 ms, found 0 plugins.
Preloading 0 native plugins for Editor in 0.00 ms.
Mono: successfully reloaded assembly
- Completed reload, in  0.785 seconds
Platform modules already initialized, skipping
Refreshing native plugins compatible for Editor in 0.19 ms, found 0 plugins.
Preloading 0 native plugins for Editor in 0.00 ms.
Unloading 1118 Unused Serialized files (Serialized files now loaded: 0)
System memory in use before: 60.8 MB.
System memory in use after: 60.8 MB.

Unloading 5 unused Assets to reduce memory usage. Loaded Objects now: 1666.
Total: 1.739800 ms (FindLiveObjects: 0.166500 ms CreateObjectMapping: 0.034400 ms MarkObjects: 1.496200 ms  DeleteObjects: 0.041700 ms)

========================================================================
Received Prepare
Registering precompiled user dll's ...
Registered in 0.000470 seconds.
Begin MonoManager ReloadAssembly
Native extension for WindowsStandalone target not found
Refreshing native plugins compatible for Editor in 0.19 ms, found 0 plugins.
Preloading 0 native plugins for Editor in 0.00 ms.
Mono: successfully reloaded assembly
- Completed reload, in  0.671 seconds
Platform modules already initialized, skipping
Refreshing native plugins compatible for Editor in 0.18 ms, found 0 plugins.
Preloading 0 native plugins for Editor in 0.00 ms.
Unloading 1118 Unused Serialized files (Serialized files now loaded: 0)
System memory in use before: 60.8 MB.
System memory in use after: 60.9 MB.

Unloading 5 unused Assets to reduce memory usage. Loaded Objects now: 1669.
Total: 1.615700 ms (FindLiveObjects: 0.141200 ms CreateObjectMapping: 0.033300 ms MarkObjects: 1.394400 ms  DeleteObjects: 0.046100 ms)

AssetImportWorkerClient::OnTransportError - code=2 error=End of file
